Started GET "/" for 127.0.0.1 at 2018-12-11 15:44:00 -0500
Processing by Rails::WelcomeController#index as HTML
  Rendering /Users/atwoodjw/.rvm/gems/ruby-2.5.0@railsonlambda/gems/railties-5.2.2/lib/rails/templates/rails/welcome/index.html.erb
  Rendered /Users/atwoodjw/.rvm/gems/ruby-2.5.0@railsonlambda/gems/railties-5.2.2/lib/rails/templates/rails/welcome/index.html.erb (3.8ms)
Completed 200 OK in 14ms (Views: 11.0ms)


Started GET "/favicon.ico" for 127.0.0.1 at 2018-12-11 15:44:00 -0500
  
ActionController::RoutingError (No route matches [GET] "/favicon.ico"):
  
actionpack (5.2.2) lib/action_dispatch/middleware/debug_exceptions.rb:65:in `call'
actionpack (5.2.2) lib/action_dispatch/middleware/show_exceptions.rb:33:in `call'
railties (5.2.2) lib/rails/rack/logger.rb:38:in `call_app'
railties (5.2.2) lib/rails/rack/logger.rb:26:in `block in call'
activesupport (5.2.2) lib/active_support/tagged_logging.rb:71:in `block in tagged'
activesupport (5.2.2) lib/active_support/tagged_logging.rb:28:in `tagged'
activesupport (5.2.2) lib/active_support/tagged_logging.rb:71:in `tagged'
railties (5.2.2) lib/rails/rack/logger.rb:26:in `call'
actionpack (5.2.2) lib/action_dispatch/middleware/remote_ip.rb:81:in `call'
actionpack (5.2.2) lib/action_dispatch/middleware/request_id.rb:27:in `call'
rack-contrib (2.1.0) lib/rack/contrib/runtime.rb:18:in `call'
activesupport (5.2.2) lib/active_support/cache/strategy/local_cache_middleware.rb:29:in `call'
actionpack (5.2.2) lib/action_dispatch/middleware/executor.rb:14:in `call'
actionpack (5.2.2) lib/action_dispatch/middleware/static.rb:127:in `call'
rack (2.0.6) lib/rack/sendfile.rb:111:in `call'
railties (5.2.2) lib/rails/engine.rb:524:in `call'
puma (3.12.0) lib/puma/configuration.rb:225:in `call'
puma (3.12.0) lib/puma/server.rb:658:in `handle_request'
puma (3.12.0) lib/puma/server.rb:472:in `process_client'
puma (3.12.0) lib/puma/server.rb:332:in `block in run'
puma (3.12.0) lib/puma/thread_pool.rb:133:in `block in spawn_thread'
Started GET "/" for 127.0.0.1 at 2018-12-11 15:44:01 -0500
Processing by Rails::WelcomeController#index as HTML
  Rendering /Users/atwoodjw/.rvm/gems/ruby-2.5.0@railsonlambda/gems/railties-5.2.2/lib/rails/templates/rails/welcome/index.html.erb
  Rendered /Users/atwoodjw/.rvm/gems/ruby-2.5.0@railsonlambda/gems/railties-5.2.2/lib/rails/templates/rails/welcome/index.html.erb (2.6ms)
Completed 200 OK in 10ms (Views: 6.7ms)


Started GET "/" for 127.0.0.1 at 2018-12-11 15:46:13 -0500
Processing by Rails::WelcomeController#index as HTML
  Rendering /Users/atwoodjw/.rvm/gems/ruby-2.5.0@railsonlambda/gems/railties-5.2.2/lib/rails/templates/rails/welcome/index.html.erb
  Rendered /Users/atwoodjw/.rvm/gems/ruby-2.5.0@railsonlambda/gems/railties-5.2.2/lib/rails/templates/rails/welcome/index.html.erb (3.0ms)
Completed 200 OK in 11ms (Views: 6.6ms)


Started GET "/hello" for 127.0.0.1 at 2018-12-11 15:46:16 -0500
Processing by ApplicationController#hello as HTML
Completed 200 OK in 1ms (Views: 0.6ms)


Started GET "/hello.json" for 127.0.0.1 at 2018-12-11 15:46:21 -0500
Processing by ApplicationController#hello as JSON
Completed 200 OK in 0ms (Views: 0.2ms)


Started GET "/hello.json" for 127.0.0.1 at 2018-12-11 15:46:26 -0500
Processing by ApplicationController#hello as JSON
Completed 200 OK in 0ms (Views: 0.1ms)


Started GET "/hello.json" for 127.0.0.1 at 2018-12-11 15:46:37 -0500
Processing by ApplicationController#hello as JSON
Completed 200 OK in 0ms (Views: 0.2ms)


Started GET "/" for 127.0.0.1 at 2018-12-11 15:46:47 -0500
Processing by Rails::WelcomeController#index as HTML
  Rendering /Users/atwoodjw/.rvm/gems/ruby-2.5.0@railsonlambda/gems/railties-5.2.2/lib/rails/templates/rails/welcome/index.html.erb
  Rendered /Users/atwoodjw/.rvm/gems/ruby-2.5.0@railsonlambda/gems/railties-5.2.2/lib/rails/templates/rails/welcome/index.html.erb (1.9ms)
Completed 200 OK in 9ms (Views: 5.0ms)


Started GET "/" for 127.0.0.1 at 2018-12-11 15:46:48 -0500
Processing by Rails::WelcomeController#index as HTML
  Rendering /Users/atwoodjw/.rvm/gems/ruby-2.5.0@railsonlambda/gems/railties-5.2.2/lib/rails/templates/rails/welcome/index.html.erb
  Rendered /Users/atwoodjw/.rvm/gems/ruby-2.5.0@railsonlambda/gems/railties-5.2.2/lib/rails/templates/rails/welcome/index.html.erb (2.1ms)
Completed 200 OK in 7ms (Views: 4.6ms)


