I, [2018-12-11T15:41:40.938703 #3204]  INFO -- : [d8e07c43-4df4-45c7-b72d-66a771765066] Started GET "/" for 127.0.0.1 at 2018-12-11 15:41:40 -0500
F, [2018-12-11T15:41:40.939247 #3204] FATAL -- : [d8e07c43-4df4-45c7-b72d-66a771765066]   
F, [2018-12-11T15:41:40.939289 #3204] FATAL -- : [d8e07c43-4df4-45c7-b72d-66a771765066] ActionController::RoutingError (No route matches [GET] "/"):
F, [2018-12-11T15:41:40.939318 #3204] FATAL -- : [d8e07c43-4df4-45c7-b72d-66a771765066]   
F, [2018-12-11T15:41:40.939349 #3204] FATAL -- : [d8e07c43-4df4-45c7-b72d-66a771765066] vendor/bundle/ruby/2.5.0/gems/actionpack-5.2.2/lib/action_dispatch/middleware/debug_exceptions.rb:65:in `call'
[d8e07c43-4df4-45c7-b72d-66a771765066] vendor/bundle/ruby/2.5.0/gems/actionpack-5.2.2/lib/action_dispatch/middleware/show_exceptions.rb:33:in `call'
[d8e07c43-4df4-45c7-b72d-66a771765066] vendor/bundle/ruby/2.5.0/gems/railties-5.2.2/lib/rails/rack/logger.rb:38:in `call_app'
[d8e07c43-4df4-45c7-b72d-66a771765066] vendor/bundle/ruby/2.5.0/gems/railties-5.2.2/lib/rails/rack/logger.rb:26:in `block in call'
[d8e07c43-4df4-45c7-b72d-66a771765066] vendor/bundle/ruby/2.5.0/gems/activesupport-5.2.2/lib/active_support/tagged_logging.rb:71:in `block in tagged'
[d8e07c43-4df4-45c7-b72d-66a771765066] vendor/bundle/ruby/2.5.0/gems/activesupport-5.2.2/lib/active_support/tagged_logging.rb:28:in `tagged'
[d8e07c43-4df4-45c7-b72d-66a771765066] vendor/bundle/ruby/2.5.0/gems/activesupport-5.2.2/lib/active_support/tagged_logging.rb:71:in `tagged'
[d8e07c43-4df4-45c7-b72d-66a771765066] vendor/bundle/ruby/2.5.0/gems/railties-5.2.2/lib/rails/rack/logger.rb:26:in `call'
[d8e07c43-4df4-45c7-b72d-66a771765066] vendor/bundle/ruby/2.5.0/gems/actionpack-5.2.2/lib/action_dispatch/middleware/remote_ip.rb:81:in `call'
[d8e07c43-4df4-45c7-b72d-66a771765066] vendor/bundle/ruby/2.5.0/gems/actionpack-5.2.2/lib/action_dispatch/middleware/request_id.rb:27:in `call'
[d8e07c43-4df4-45c7-b72d-66a771765066] vendor/bundle/ruby/2.5.0/gems/rack-contrib-2.1.0/lib/rack/contrib/runtime.rb:18:in `call'
[d8e07c43-4df4-45c7-b72d-66a771765066] vendor/bundle/ruby/2.5.0/gems/activesupport-5.2.2/lib/active_support/cache/strategy/local_cache_middleware.rb:29:in `call'
[d8e07c43-4df4-45c7-b72d-66a771765066] vendor/bundle/ruby/2.5.0/gems/actionpack-5.2.2/lib/action_dispatch/middleware/executor.rb:14:in `call'
[d8e07c43-4df4-45c7-b72d-66a771765066] vendor/bundle/ruby/2.5.0/gems/rack-2.0.6/lib/rack/sendfile.rb:111:in `call'
[d8e07c43-4df4-45c7-b72d-66a771765066] vendor/bundle/ruby/2.5.0/gems/railties-5.2.2/lib/rails/engine.rb:524:in `call'
[d8e07c43-4df4-45c7-b72d-66a771765066] vendor/bundle/ruby/2.5.0/gems/puma-3.12.0/lib/puma/configuration.rb:225:in `call'
[d8e07c43-4df4-45c7-b72d-66a771765066] vendor/bundle/ruby/2.5.0/gems/puma-3.12.0/lib/puma/server.rb:658:in `handle_request'
[d8e07c43-4df4-45c7-b72d-66a771765066] vendor/bundle/ruby/2.5.0/gems/puma-3.12.0/lib/puma/server.rb:472:in `process_client'
[d8e07c43-4df4-45c7-b72d-66a771765066] vendor/bundle/ruby/2.5.0/gems/puma-3.12.0/lib/puma/server.rb:332:in `block in run'
[d8e07c43-4df4-45c7-b72d-66a771765066] vendor/bundle/ruby/2.5.0/gems/puma-3.12.0/lib/puma/thread_pool.rb:133:in `block in spawn_thread'
I, [2018-12-11T15:41:47.668561 #3204]  INFO -- : [1fe9bddb-3c43-4aa1-b895-7dfb8ed68105] Started GET "/" for 127.0.0.1 at 2018-12-11 15:41:47 -0500
F, [2018-12-11T15:41:47.668945 #3204] FATAL -- : [1fe9bddb-3c43-4aa1-b895-7dfb8ed68105]   
F, [2018-12-11T15:41:47.668989 #3204] FATAL -- : [1fe9bddb-3c43-4aa1-b895-7dfb8ed68105] ActionController::RoutingError (No route matches [GET] "/"):
F, [2018-12-11T15:41:47.669020 #3204] FATAL -- : [1fe9bddb-3c43-4aa1-b895-7dfb8ed68105]   
F, [2018-12-11T15:41:47.669095 #3204] FATAL -- : [1fe9bddb-3c43-4aa1-b895-7dfb8ed68105] vendor/bundle/ruby/2.5.0/gems/actionpack-5.2.2/lib/action_dispatch/middleware/debug_exceptions.rb:65:in `call'
[1fe9bddb-3c43-4aa1-b895-7dfb8ed68105] vendor/bundle/ruby/2.5.0/gems/actionpack-5.2.2/lib/action_dispatch/middleware/show_exceptions.rb:33:in `call'
[1fe9bddb-3c43-4aa1-b895-7dfb8ed68105] vendor/bundle/ruby/2.5.0/gems/railties-5.2.2/lib/rails/rack/logger.rb:38:in `call_app'
[1fe9bddb-3c43-4aa1-b895-7dfb8ed68105] vendor/bundle/ruby/2.5.0/gems/railties-5.2.2/lib/rails/rack/logger.rb:26:in `block in call'
[1fe9bddb-3c43-4aa1-b895-7dfb8ed68105] vendor/bundle/ruby/2.5.0/gems/activesupport-5.2.2/lib/active_support/tagged_logging.rb:71:in `block in tagged'
[1fe9bddb-3c43-4aa1-b895-7dfb8ed68105] vendor/bundle/ruby/2.5.0/gems/activesupport-5.2.2/lib/active_support/tagged_logging.rb:28:in `tagged'
[1fe9bddb-3c43-4aa1-b895-7dfb8ed68105] vendor/bundle/ruby/2.5.0/gems/activesupport-5.2.2/lib/active_support/tagged_logging.rb:71:in `tagged'
[1fe9bddb-3c43-4aa1-b895-7dfb8ed68105] vendor/bundle/ruby/2.5.0/gems/railties-5.2.2/lib/rails/rack/logger.rb:26:in `call'
[1fe9bddb-3c43-4aa1-b895-7dfb8ed68105] vendor/bundle/ruby/2.5.0/gems/actionpack-5.2.2/lib/action_dispatch/middleware/remote_ip.rb:81:in `call'
[1fe9bddb-3c43-4aa1-b895-7dfb8ed68105] vendor/bundle/ruby/2.5.0/gems/actionpack-5.2.2/lib/action_dispatch/middleware/request_id.rb:27:in `call'
[1fe9bddb-3c43-4aa1-b895-7dfb8ed68105] vendor/bundle/ruby/2.5.0/gems/rack-contrib-2.1.0/lib/rack/contrib/runtime.rb:18:in `call'
[1fe9bddb-3c43-4aa1-b895-7dfb8ed68105] vendor/bundle/ruby/2.5.0/gems/activesupport-5.2.2/lib/active_support/cache/strategy/local_cache_middleware.rb:29:in `call'
[1fe9bddb-3c43-4aa1-b895-7dfb8ed68105] vendor/bundle/ruby/2.5.0/gems/actionpack-5.2.2/lib/action_dispatch/middleware/executor.rb:14:in `call'
[1fe9bddb-3c43-4aa1-b895-7dfb8ed68105] vendor/bundle/ruby/2.5.0/gems/rack-2.0.6/lib/rack/sendfile.rb:111:in `call'
[1fe9bddb-3c43-4aa1-b895-7dfb8ed68105] vendor/bundle/ruby/2.5.0/gems/railties-5.2.2/lib/rails/engine.rb:524:in `call'
[1fe9bddb-3c43-4aa1-b895-7dfb8ed68105] vendor/bundle/ruby/2.5.0/gems/puma-3.12.0/lib/puma/configuration.rb:225:in `call'
[1fe9bddb-3c43-4aa1-b895-7dfb8ed68105] vendor/bundle/ruby/2.5.0/gems/puma-3.12.0/lib/puma/server.rb:658:in `handle_request'
[1fe9bddb-3c43-4aa1-b895-7dfb8ed68105] vendor/bundle/ruby/2.5.0/gems/puma-3.12.0/lib/puma/server.rb:472:in `process_client'
[1fe9bddb-3c43-4aa1-b895-7dfb8ed68105] vendor/bundle/ruby/2.5.0/gems/puma-3.12.0/lib/puma/server.rb:332:in `block in run'
[1fe9bddb-3c43-4aa1-b895-7dfb8ed68105] vendor/bundle/ruby/2.5.0/gems/puma-3.12.0/lib/puma/thread_pool.rb:133:in `block in spawn_thread'
I, [2018-12-11T15:42:02.973711 #3204]  INFO -- : [c8bfff41-7628-48a7-9300-1a1a0df65902] Started GET "/" for 127.0.0.1 at 2018-12-11 15:42:02 -0500
F, [2018-12-11T15:42:02.974102 #3204] FATAL -- : [c8bfff41-7628-48a7-9300-1a1a0df65902]   
F, [2018-12-11T15:42:02.974163 #3204] FATAL -- : [c8bfff41-7628-48a7-9300-1a1a0df65902] ActionController::RoutingError (No route matches [GET] "/"):
F, [2018-12-11T15:42:02.974200 #3204] FATAL -- : [c8bfff41-7628-48a7-9300-1a1a0df65902]   
F, [2018-12-11T15:42:02.974240 #3204] FATAL -- : [c8bfff41-7628-48a7-9300-1a1a0df65902] vendor/bundle/ruby/2.5.0/gems/actionpack-5.2.2/lib/action_dispatch/middleware/debug_exceptions.rb:65:in `call'
[c8bfff41-7628-48a7-9300-1a1a0df65902] vendor/bundle/ruby/2.5.0/gems/actionpack-5.2.2/lib/action_dispatch/middleware/show_exceptions.rb:33:in `call'
[c8bfff41-7628-48a7-9300-1a1a0df65902] vendor/bundle/ruby/2.5.0/gems/railties-5.2.2/lib/rails/rack/logger.rb:38:in `call_app'
[c8bfff41-7628-48a7-9300-1a1a0df65902] vendor/bundle/ruby/2.5.0/gems/railties-5.2.2/lib/rails/rack/logger.rb:26:in `block in call'
[c8bfff41-7628-48a7-9300-1a1a0df65902] vendor/bundle/ruby/2.5.0/gems/activesupport-5.2.2/lib/active_support/tagged_logging.rb:71:in `block in tagged'
[c8bfff41-7628-48a7-9300-1a1a0df65902] vendor/bundle/ruby/2.5.0/gems/activesupport-5.2.2/lib/active_support/tagged_logging.rb:28:in `tagged'
[c8bfff41-7628-48a7-9300-1a1a0df65902] vendor/bundle/ruby/2.5.0/gems/activesupport-5.2.2/lib/active_support/tagged_logging.rb:71:in `tagged'
[c8bfff41-7628-48a7-9300-1a1a0df65902] vendor/bundle/ruby/2.5.0/gems/railties-5.2.2/lib/rails/rack/logger.rb:26:in `call'
[c8bfff41-7628-48a7-9300-1a1a0df65902] vendor/bundle/ruby/2.5.0/gems/actionpack-5.2.2/lib/action_dispatch/middleware/remote_ip.rb:81:in `call'
[c8bfff41-7628-48a7-9300-1a1a0df65902] vendor/bundle/ruby/2.5.0/gems/actionpack-5.2.2/lib/action_dispatch/middleware/request_id.rb:27:in `call'
[c8bfff41-7628-48a7-9300-1a1a0df65902] vendor/bundle/ruby/2.5.0/gems/rack-contrib-2.1.0/lib/rack/contrib/runtime.rb:18:in `call'
[c8bfff41-7628-48a7-9300-1a1a0df65902] vendor/bundle/ruby/2.5.0/gems/activesupport-5.2.2/lib/active_support/cache/strategy/local_cache_middleware.rb:29:in `call'
[c8bfff41-7628-48a7-9300-1a1a0df65902] vendor/bundle/ruby/2.5.0/gems/actionpack-5.2.2/lib/action_dispatch/middleware/executor.rb:14:in `call'
[c8bfff41-7628-48a7-9300-1a1a0df65902] vendor/bundle/ruby/2.5.0/gems/rack-2.0.6/lib/rack/sendfile.rb:111:in `call'
[c8bfff41-7628-48a7-9300-1a1a0df65902] vendor/bundle/ruby/2.5.0/gems/railties-5.2.2/lib/rails/engine.rb:524:in `call'
[c8bfff41-7628-48a7-9300-1a1a0df65902] vendor/bundle/ruby/2.5.0/gems/puma-3.12.0/lib/puma/configuration.rb:225:in `call'
[c8bfff41-7628-48a7-9300-1a1a0df65902] vendor/bundle/ruby/2.5.0/gems/puma-3.12.0/lib/puma/server.rb:658:in `handle_request'
[c8bfff41-7628-48a7-9300-1a1a0df65902] vendor/bundle/ruby/2.5.0/gems/puma-3.12.0/lib/puma/server.rb:472:in `process_client'
[c8bfff41-7628-48a7-9300-1a1a0df65902] vendor/bundle/ruby/2.5.0/gems/puma-3.12.0/lib/puma/server.rb:332:in `block in run'
[c8bfff41-7628-48a7-9300-1a1a0df65902] vendor/bundle/ruby/2.5.0/gems/puma-3.12.0/lib/puma/thread_pool.rb:133:in `block in spawn_thread'
I, [2018-12-11T15:42:07.870082 #3204]  INFO -- : [919dba6f-5cba-45dd-b699-a56d52c91597] Started GET "/" for 127.0.0.1 at 2018-12-11 15:42:07 -0500
F, [2018-12-11T15:42:07.870526 #3204] FATAL -- : [919dba6f-5cba-45dd-b699-a56d52c91597]   
F, [2018-12-11T15:42:07.870571 #3204] FATAL -- : [919dba6f-5cba-45dd-b699-a56d52c91597] ActionController::RoutingError (No route matches [GET] "/"):
F, [2018-12-11T15:42:07.870602 #3204] FATAL -- : [919dba6f-5cba-45dd-b699-a56d52c91597]   
F, [2018-12-11T15:42:07.870636 #3204] FATAL -- : [919dba6f-5cba-45dd-b699-a56d52c91597] vendor/bundle/ruby/2.5.0/gems/actionpack-5.2.2/lib/action_dispatch/middleware/debug_exceptions.rb:65:in `call'
[919dba6f-5cba-45dd-b699-a56d52c91597] vendor/bundle/ruby/2.5.0/gems/actionpack-5.2.2/lib/action_dispatch/middleware/show_exceptions.rb:33:in `call'
[919dba6f-5cba-45dd-b699-a56d52c91597] vendor/bundle/ruby/2.5.0/gems/railties-5.2.2/lib/rails/rack/logger.rb:38:in `call_app'
[919dba6f-5cba-45dd-b699-a56d52c91597] vendor/bundle/ruby/2.5.0/gems/railties-5.2.2/lib/rails/rack/logger.rb:26:in `block in call'
[919dba6f-5cba-45dd-b699-a56d52c91597] vendor/bundle/ruby/2.5.0/gems/activesupport-5.2.2/lib/active_support/tagged_logging.rb:71:in `block in tagged'
[919dba6f-5cba-45dd-b699-a56d52c91597] vendor/bundle/ruby/2.5.0/gems/activesupport-5.2.2/lib/active_support/tagged_logging.rb:28:in `tagged'
[919dba6f-5cba-45dd-b699-a56d52c91597] vendor/bundle/ruby/2.5.0/gems/activesupport-5.2.2/lib/active_support/tagged_logging.rb:71:in `tagged'
[919dba6f-5cba-45dd-b699-a56d52c91597] vendor/bundle/ruby/2.5.0/gems/railties-5.2.2/lib/rails/rack/logger.rb:26:in `call'
[919dba6f-5cba-45dd-b699-a56d52c91597] vendor/bundle/ruby/2.5.0/gems/actionpack-5.2.2/lib/action_dispatch/middleware/remote_ip.rb:81:in `call'
[919dba6f-5cba-45dd-b699-a56d52c91597] vendor/bundle/ruby/2.5.0/gems/actionpack-5.2.2/lib/action_dispatch/middleware/request_id.rb:27:in `call'
[919dba6f-5cba-45dd-b699-a56d52c91597] vendor/bundle/ruby/2.5.0/gems/rack-contrib-2.1.0/lib/rack/contrib/runtime.rb:18:in `call'
[919dba6f-5cba-45dd-b699-a56d52c91597] vendor/bundle/ruby/2.5.0/gems/activesupport-5.2.2/lib/active_support/cache/strategy/local_cache_middleware.rb:29:in `call'
[919dba6f-5cba-45dd-b699-a56d52c91597] vendor/bundle/ruby/2.5.0/gems/actionpack-5.2.2/lib/action_dispatch/middleware/executor.rb:14:in `call'
[919dba6f-5cba-45dd-b699-a56d52c91597] vendor/bundle/ruby/2.5.0/gems/rack-2.0.6/lib/rack/sendfile.rb:111:in `call'
[919dba6f-5cba-45dd-b699-a56d52c91597] vendor/bundle/ruby/2.5.0/gems/railties-5.2.2/lib/rails/engine.rb:524:in `call'
[919dba6f-5cba-45dd-b699-a56d52c91597] vendor/bundle/ruby/2.5.0/gems/puma-3.12.0/lib/puma/configuration.rb:225:in `call'
[919dba6f-5cba-45dd-b699-a56d52c91597] vendor/bundle/ruby/2.5.0/gems/puma-3.12.0/lib/puma/server.rb:658:in `handle_request'
[919dba6f-5cba-45dd-b699-a56d52c91597] vendor/bundle/ruby/2.5.0/gems/puma-3.12.0/lib/puma/server.rb:472:in `process_client'
[919dba6f-5cba-45dd-b699-a56d52c91597] vendor/bundle/ruby/2.5.0/gems/puma-3.12.0/lib/puma/server.rb:332:in `block in run'
[919dba6f-5cba-45dd-b699-a56d52c91597] vendor/bundle/ruby/2.5.0/gems/puma-3.12.0/lib/puma/thread_pool.rb:133:in `block in spawn_thread'
I, [2018-12-11T15:42:50.015981 #3232]  INFO -- : [3ddd3996-7dc3-483b-80f3-5a4a634af7a3] Started GET "/" for ::1 at 2018-12-11 15:42:50 -0500
F, [2018-12-11T15:42:50.016945 #3232] FATAL -- : [3ddd3996-7dc3-483b-80f3-5a4a634af7a3]   
F, [2018-12-11T15:42:50.017032 #3232] FATAL -- : [3ddd3996-7dc3-483b-80f3-5a4a634af7a3] ActionController::RoutingError (No route matches [GET] "/"):
F, [2018-12-11T15:42:50.017094 #3232] FATAL -- : [3ddd3996-7dc3-483b-80f3-5a4a634af7a3]   
F, [2018-12-11T15:42:50.017155 #3232] FATAL -- : [3ddd3996-7dc3-483b-80f3-5a4a634af7a3] vendor/bundle/ruby/2.5.0/gems/actionpack-5.2.2/lib/action_dispatch/middleware/debug_exceptions.rb:65:in `call'
[3ddd3996-7dc3-483b-80f3-5a4a634af7a3] vendor/bundle/ruby/2.5.0/gems/actionpack-5.2.2/lib/action_dispatch/middleware/show_exceptions.rb:33:in `call'
[3ddd3996-7dc3-483b-80f3-5a4a634af7a3] vendor/bundle/ruby/2.5.0/gems/railties-5.2.2/lib/rails/rack/logger.rb:38:in `call_app'
[3ddd3996-7dc3-483b-80f3-5a4a634af7a3] vendor/bundle/ruby/2.5.0/gems/railties-5.2.2/lib/rails/rack/logger.rb:26:in `block in call'
[3ddd3996-7dc3-483b-80f3-5a4a634af7a3] vendor/bundle/ruby/2.5.0/gems/activesupport-5.2.2/lib/active_support/tagged_logging.rb:71:in `block in tagged'
[3ddd3996-7dc3-483b-80f3-5a4a634af7a3] vendor/bundle/ruby/2.5.0/gems/activesupport-5.2.2/lib/active_support/tagged_logging.rb:28:in `tagged'
[3ddd3996-7dc3-483b-80f3-5a4a634af7a3] vendor/bundle/ruby/2.5.0/gems/activesupport-5.2.2/lib/active_support/tagged_logging.rb:71:in `tagged'
[3ddd3996-7dc3-483b-80f3-5a4a634af7a3] vendor/bundle/ruby/2.5.0/gems/railties-5.2.2/lib/rails/rack/logger.rb:26:in `call'
[3ddd3996-7dc3-483b-80f3-5a4a634af7a3] vendor/bundle/ruby/2.5.0/gems/actionpack-5.2.2/lib/action_dispatch/middleware/remote_ip.rb:81:in `call'
[3ddd3996-7dc3-483b-80f3-5a4a634af7a3] vendor/bundle/ruby/2.5.0/gems/actionpack-5.2.2/lib/action_dispatch/middleware/request_id.rb:27:in `call'
[3ddd3996-7dc3-483b-80f3-5a4a634af7a3] vendor/bundle/ruby/2.5.0/gems/rack-contrib-2.1.0/lib/rack/contrib/runtime.rb:18:in `call'
[3ddd3996-7dc3-483b-80f3-5a4a634af7a3] vendor/bundle/ruby/2.5.0/gems/activesupport-5.2.2/lib/active_support/cache/strategy/local_cache_middleware.rb:29:in `call'
[3ddd3996-7dc3-483b-80f3-5a4a634af7a3] vendor/bundle/ruby/2.5.0/gems/actionpack-5.2.2/lib/action_dispatch/middleware/executor.rb:14:in `call'
[3ddd3996-7dc3-483b-80f3-5a4a634af7a3] vendor/bundle/ruby/2.5.0/gems/rack-2.0.6/lib/rack/sendfile.rb:111:in `call'
[3ddd3996-7dc3-483b-80f3-5a4a634af7a3] vendor/bundle/ruby/2.5.0/gems/railties-5.2.2/lib/rails/engine.rb:524:in `call'
[3ddd3996-7dc3-483b-80f3-5a4a634af7a3] vendor/bundle/ruby/2.5.0/gems/puma-3.12.0/lib/puma/configuration.rb:225:in `call'
[3ddd3996-7dc3-483b-80f3-5a4a634af7a3] vendor/bundle/ruby/2.5.0/gems/puma-3.12.0/lib/puma/server.rb:658:in `handle_request'
[3ddd3996-7dc3-483b-80f3-5a4a634af7a3] vendor/bundle/ruby/2.5.0/gems/puma-3.12.0/lib/puma/server.rb:472:in `process_client'
[3ddd3996-7dc3-483b-80f3-5a4a634af7a3] vendor/bundle/ruby/2.5.0/gems/puma-3.12.0/lib/puma/server.rb:332:in `block in run'
[3ddd3996-7dc3-483b-80f3-5a4a634af7a3] vendor/bundle/ruby/2.5.0/gems/puma-3.12.0/lib/puma/thread_pool.rb:133:in `block in spawn_thread'
